{"/Users/vibhoosrivastava/Desktop/AZHackathon/constants.js": {"path":"/Users/vibhoosrivastava/Desktop/AZHackathon/constants.js","statementMap":{"0":{"start":{"line":1,"column":0},"end":{"line":7,"column":2}}},"fnMap":{},"branchMap":{},"s":{"0":1},"f":{},"b":{},"_coverageSchema":"1a1c01bbd47fc00a2c39e90264f33305004495a9","hash":"b171ac8ad933dc4aa1559c93929fb3a276cab89e"}
,"/Users/vibhoosrivastava/Desktop/AZHackathon/controllers/userControllers.js": {"path":"/Users/vibhoosrivastava/Desktop/AZHackathon/controllers/userControllers.js","statementMap":{"0":{"start":{"line":1,"column":21},"end":{"line":1,"column":53}},"1":{"start":{"line":2,"column":15},"end":{"line":2,"column":32}},"2":{"start":{"line":3,"column":12},"end":{"line":3,"column":35}},"3":{"start":{"line":4,"column":13},"end":{"line":4,"column":44}},"4":{"start":{"line":8,"column":19},"end":{"line":67,"column":1}},"5":{"start":{"line":10,"column":40},"end":{"line":10,"column":48}},"6":{"start":{"line":11,"column":2},"end":{"line":19,"column":3}},"7":{"start":{"line":12,"column":3},"end":{"line":15,"column":6}},"8":{"start":{"line":16,"column":3},"end":{"line":18,"column":5}},"9":{"start":{"line":20,"column":24},"end":{"line":24,"column":3}},"10":{"start":{"line":25,"column":2},"end":{"line":33,"column":3}},"11":{"start":{"line":26,"column":3},"end":{"line":29,"column":6}},"12":{"start":{"line":30,"column":3},"end":{"line":32,"column":5}},"13":{"start":{"line":34,"column":25},"end":{"line":37,"column":3}},"14":{"start":{"line":38,"column":15},"end":{"line":44,"column":3}},"15":{"start":{"line":45,"column":2},"end":{"line":65,"column":3}},"16":{"start":{"line":46,"column":3},"end":{"line":55,"column":6}},"17":{"start":{"line":58,"column":3},"end":{"line":61,"column":6}},"18":{"start":{"line":62,"column":3},"end":{"line":64,"column":5}},"19":{"start":{"line":71,"column":18},"end":{"line":124,"column":1}},"20":{"start":{"line":73,"column":30},"end":{"line":73,"column":38}},"21":{"start":{"line":74,"column":2},"end":{"line":82,"column":3}},"22":{"start":{"line":75,"column":3},"end":{"line":78,"column":6}},"23":{"start":{"line":79,"column":3},"end":{"line":81,"column":5}},"24":{"start":{"line":83,"column":15},"end":{"line":87,"column":3}},"25":{"start":{"line":88,"column":2},"end":{"line":122,"column":3}},"26":{"start":{"line":89,"column":23},"end":{"line":102,"column":4}},"27":{"start":{"line":103,"column":3},"end":{"line":112,"column":6}},"28":{"start":{"line":115,"column":3},"end":{"line":118,"column":6}},"29":{"start":{"line":119,"column":3},"end":{"line":121,"column":5}},"30":{"start":{"line":128,"column":19},"end":{"line":132,"column":1}},"31":{"start":{"line":130,"column":2},"end":{"line":130,"column":63}},"32":{"start":{"line":133,"column":0},"end":{"line":137,"column":2}}},"fnMap":{"0":{"name":"(anonymous_0)","decl":{"start":{"line":9,"column":1},"end":{"line":9,"column":2}},"loc":{"start":{"line":9,"column":21},"end":{"line":66,"column":2}},"line":9},"1":{"name":"(anonymous_1)","decl":{"start":{"line":72,"column":1},"end":{"line":72,"column":2}},"loc":{"start":{"line":72,"column":21},"end":{"line":123,"column":2}},"line":72},"2":{"name":"(anonymous_2)","decl":{"start":{"line":129,"column":1},"end":{"line":129,"column":2}},"loc":{"start":{"line":129,"column":21},"end":{"line":131,"column":2}},"line":129}},"branchMap":{"0":{"loc":{"start":{"line":11,"column":2},"end":{"line":19,"column":3}},"type":"if","locations":[{"start":{"line":11,"column":2},"end":{"line":19,"column":3}},{"start":{},"end":{}}],"line":11},"1":{"loc":{"start":{"line":11,"column":6},"end":{"line":11,"column":38}},"type":"binary-expr","locations":[{"start":{"line":11,"column":6},"end":{"line":11,"column":15}},{"start":{"line":11,"column":19},"end":{"line":11,"column":25}},{"start":{"line":11,"column":29},"end":{"line":11,"column":38}}],"line":11},"2":{"loc":{"start":{"line":25,"column":2},"end":{"line":33,"column":3}},"type":"if","locations":[{"start":{"line":25,"column":2},"end":{"line":33,"column":3}},{"start":{},"end":{}}],"line":25},"3":{"loc":{"start":{"line":45,"column":2},"end":{"line":65,"column":3}},"type":"if","locations":[{"start":{"line":45,"column":2},"end":{"line":65,"column":3}},{"start":{"line":57,"column":7},"end":{"line":65,"column":3}}],"line":45},"4":{"loc":{"start":{"line":74,"column":2},"end":{"line":82,"column":3}},"type":"if","locations":[{"start":{"line":74,"column":2},"end":{"line":82,"column":3}},{"start":{},"end":{}}],"line":74},"5":{"loc":{"start":{"line":74,"column":6},"end":{"line":74,"column":25}},"type":"binary-expr","locations":[{"start":{"line":74,"column":6},"end":{"line":74,"column":12}},{"start":{"line":74,"column":16},"end":{"line":74,"column":25}}],"line":74},"6":{"loc":{"start":{"line":88,"column":2},"end":{"line":122,"column":3}},"type":"if","locations":[{"start":{"line":88,"column":2},"end":{"line":122,"column":3}},{"start":{"line":114,"column":7},"end":{"line":122,"column":3}}],"line":88},"7":{"loc":{"start":{"line":88,"column":6},"end":{"line":88,"column":61}},"type":"binary-expr","locations":[{"start":{"line":88,"column":6},"end":{"line":88,"column":10}},{"start":{"line":88,"column":15},"end":{"line":88,"column":60}}],"line":88}},"s":{"0":1,"1":1,"2":1,"3":1,"4":1,"5":3,"6":3,"7":1,"8":1,"9":2,"10":2,"11":1,"12":1,"13":1,"14":1,"15":1,"16":1,"17":0,"18":0,"19":1,"20":3,"21":3,"22":1,"23":1,"24":2,"25":2,"26":1,"27":1,"28":1,"29":1,"30":1,"31":1,"32":1},"f":{"0":3,"1":3,"2":1},"b":{"0":[1,2],"1":[3,3,3],"2":[1,1],"3":[1,0],"4":[1,2],"5":[3,3],"6":[1,1],"7":[2,1]},"_coverageSchema":"1a1c01bbd47fc00a2c39e90264f33305004495a9","hash":"031468118f77b272240d1fd59badf542a1acfff9"}
,"/Users/vibhoosrivastava/Desktop/AZHackathon/models/userModels.js": {"path":"/Users/vibhoosrivastava/Desktop/AZHackathon/models/userModels.js","statementMap":{"0":{"start":{"line":1,"column":17},"end":{"line":1,"column":36}},"1":{"start":{"line":2,"column":19},"end":{"line":33,"column":1}},"2":{"start":{"line":34,"column":0},"end":{"line":37,"column":2}}},"fnMap":{},"branchMap":{},"s":{"0":1,"1":1,"2":1},"f":{},"b":{},"_coverageSchema":"1a1c01bbd47fc00a2c39e90264f33305004495a9","hash":"fb4f99d363497b15121dfa7b46890769a9776b10"}
}
