TN:
SF:constants.js
FNF:0
FNH:0
DA:1,1
LF:1
LH:1
BRF:0
BRH:0
end_of_record
TN:
SF:controllers/userControllers.js
FN:9,(anonymous_0)
FN:72,(anonymous_1)
FN:129,(anonymous_2)
FNF:3
FNH:3
FNDA:3,(anonymous_0)
FNDA:3,(anonymous_1)
FNDA:1,(anonymous_2)
DA:1,1
DA:2,1
DA:3,1
DA:4,1
DA:8,1
DA:10,3
DA:11,3
DA:12,1
DA:16,1
DA:20,2
DA:25,2
DA:26,1
DA:30,1
DA:34,1
DA:38,1
DA:45,1
DA:46,1
DA:58,0
DA:62,0
DA:71,1
DA:73,3
DA:74,3
DA:75,1
DA:79,1
DA:83,2
DA:88,2
DA:89,1
DA:103,1
DA:115,1
DA:119,1
DA:128,1
DA:130,1
DA:133,1
LF:33
LH:31
BRDA:11,0,0,1
BRDA:11,0,1,2
BRDA:11,1,0,3
BRDA:11,1,1,3
BRDA:11,1,2,3
BRDA:25,2,0,1
BRDA:25,2,1,1
BRDA:45,3,0,1
BRDA:45,3,1,0
BRDA:74,4,0,1
BRDA:74,4,1,2
BRDA:74,5,0,3
BRDA:74,5,1,3
BRDA:88,6,0,1
BRDA:88,6,1,1
BRDA:88,7,0,2
BRDA:88,7,1,1
BRF:17
BRH:16
end_of_record
TN:
SF:models/userModels.js
FNF:0
FNH:0
DA:1,1
DA:2,1
DA:34,1
LF:3
LH:3
BRF:0
BRH:0
end_of_record
